<?xml version="1.0" encoding="UTF-8"?>
<!-- Generated by org.testng.reporters.JUnitXMLReporter -->
<testsuite hostname="DESKTOP-6D3FG3E" ignored="0" name="Default test" tests="5" failures="1" timestamp="2021-04-10T19:03:38 CEST" time="11.034" errors="0">
  <testcase name="launchURL" time="6.327" classname="com.auto.qa.testcases.AutoHero_MainPageTest"/>
  <testcase name="filterForFirstRegistration" time="0.942" classname="com.auto.qa.testcases.AutoHero_MainPageTest"/>
  <testcase name="sortCarsByPriceDesc" time="0.0" classname="com.auto.qa.testcases.AutoHero_MainPageTest">
    <failure type="org.testng.TestNGException" message="
Parameter &amp;apos;SortByPrice&amp;apos; is required by @Test on method sortCarsByPriceDesc but has not been marked @Optional or defined
in C:\Users\shrad\AppData\Local\Temp\testng-eclipse--662537233\testng-customsuite.xml">
      <![CDATA[org.testng.TestNGException: 
Parameter 'SortByPrice' is required by @Test on method sortCarsByPriceDesc but has not been marked @Optional or defined
in C:\Users\shrad\AppData\Local\Temp\testng-eclipse--662537233\testng-customsuite.xml
at org.testng.internal.Parameters.createParams(Parameters.java:268)
at org.testng.internal.Parameters.createParametersForMethod(Parameters.java:356)
at org.testng.internal.Parameters.createParameters(Parameters.java:700)
at org.testng.internal.Parameters.handleParameters(Parameters.java:875)
at org.testng.internal.Parameters.handleParameters(Parameters.java:740)
at org.testng.internal.ParameterHandler.handleParameters(ParameterHandler.java:59)
at org.testng.internal.ParameterHandler.createParameters(ParameterHandler.java:38)
at org.testng.internal.TestInvoker$MethodInvocationAgent.invoke(TestInvoker.java:789)
at org.testng.internal.TestInvoker.invokeTestMethods(TestInvoker.java:147)
at org.testng.internal.TestMethodWorker.invokeTestMethods(TestMethodWorker.java:146)
at org.testng.internal.TestMethodWorker.run(TestMethodWorker.java:128)
at java.util.ArrayList.forEach(ArrayList.java:1257)
at org.testng.TestRunner.privateRun(TestRunner.java:764)
at org.testng.TestRunner.run(TestRunner.java:585)
at org.testng.SuiteRunner.runTest(SuiteRunner.java:384)
at org.testng.SuiteRunner.runSequentially(SuiteRunner.java:378)
at org.testng.SuiteRunner.privateRun(SuiteRunner.java:337)
at org.testng.SuiteRunner.run(SuiteRunner.java:286)
at org.testng.SuiteRunnerWorker.runSuite(SuiteRunnerWorker.java:53)
at org.testng.SuiteRunnerWorker.run(SuiteRunnerWorker.java:96)
at org.testng.TestNG.runSuitesSequentially(TestNG.java:1218)
at org.testng.TestNG.runSuitesLocally(TestNG.java:1140)
at org.testng.TestNG.runSuites(TestNG.java:1069)
at org.testng.TestNG.run(TestNG.java:1037)
at org.testng.remote.AbstractRemoteTestNG.run(AbstractRemoteTestNG.java:115)
at org.testng.remote.RemoteTestNG.initAndRun(RemoteTestNG.java:251)
at org.testng.remote.RemoteTestNG.main(RemoteTestNG.java:77)
]]>
    </failure>
  </testcase> <!-- sortCarsByPriceDesc -->
  <testcase name="verifyCarsFilteredByFirstReg" time="0.964" classname="com.auto.qa.testcases.AutoHero_MainPageTest"/>
  <testcase name="verifyCarsSortedByPriceDesc" time="0.19" classname="com.auto.qa.testcases.AutoHero_MainPageTest"/>
</testsuite> <!-- Default test -->
